2021-07-20 10:29:43.034  INFO 4498 --- [main] com.example.demo.SareetaApplication      : Starting SareetaApplication on Davids-MBP.fritz.box with PID 4498 (started by david in /Users/david/Documents/Udacity/Security & DevOps/eCommerce_David)
2021-07-20 10:29:43.039  INFO 4498 --- [main] com.example.demo.SareetaApplication      : No active profile set, falling back to default profiles: default
2021-07-20 10:29:45.070  INFO 4498 --- [main] .s.d.r.c.RepositoryConfigurationDelegate : Bootstrapping Spring Data repositories in DEFAULT mode.
2021-07-20 10:29:45.204  INFO 4498 --- [main] .s.d.r.c.RepositoryConfigurationDelegate : Finished Spring Data repository scanning in 114ms. Found 4 repository interfaces.
2021-07-20 10:29:46.276  INFO 4498 --- [main] trationDelegate$BeanPostProcessorChecker : Bean 'org.springframework.transaction.annotation.ProxyTransactionManagementConfiguration' of type [org.springframework.transaction.annotation.ProxyTransactionManagementConfiguration$$EnhancerBySpringCGLIB$$b43222b3] is not eligible for getting processed by all BeanPostProcessors (for example: not eligible for auto-proxying)
2021-07-20 10:29:46.954  INFO 4498 --- [main] o.s.b.w.embedded.tomcat.TomcatWebServer  : Tomcat initialized with port(s): 8082 (http)
2021-07-20 10:29:47.014  INFO 4498 --- [main] o.apache.catalina.core.StandardService   : Starting service [Tomcat]
2021-07-20 10:29:47.014  INFO 4498 --- [main] org.apache.catalina.core.StandardEngine  : Starting Servlet engine: [Apache Tomcat/9.0.19]
2021-07-20 10:29:47.266  INFO 4498 --- [main] o.a.c.c.C.[Tomcat].[localhost].[/]       : Initializing Spring embedded WebApplicationContext
2021-07-20 10:29:47.267  INFO 4498 --- [main] o.s.web.context.ContextLoader            : Root WebApplicationContext: initialization completed in 3965 ms
2021-07-20 10:29:47.668  INFO 4498 --- [main] com.zaxxer.hikari.HikariDataSource       : HikariPool-1 - Starting...
2021-07-20 10:29:48.090  INFO 4498 --- [main] com.zaxxer.hikari.HikariDataSource       : HikariPool-1 - Start completed.
2021-07-20 10:29:48.238  INFO 4498 --- [main] o.hibernate.jpa.internal.util.LogHelper  : HHH000204: Processing PersistenceUnitInfo [
	name: default
	...]
2021-07-20 10:29:48.609  INFO 4498 --- [main] org.hibernate.Version                    : HHH000412: Hibernate Core {5.3.10.Final}
2021-07-20 10:29:48.612  INFO 4498 --- [main] org.hibernate.cfg.Environment            : HHH000206: hibernate.properties not found
2021-07-20 10:29:48.918  INFO 4498 --- [main] o.hibernate.annotations.common.Version   : HCANN000001: Hibernate Commons Annotations {5.0.4.Final}
2021-07-20 10:29:49.284  INFO 4498 --- [main] org.hibernate.dialect.Dialect            : HHH000400: Using dialect: org.hibernate.dialect.H2Dialect
2021-07-20 10:29:50.930  INFO 4498 --- [main] j.LocalContainerEntityManagerFactoryBean : Initialized JPA EntityManagerFactory for persistence unit 'default'
2021-07-20 10:29:52.134  WARN 4498 --- [main] aWebConfiguration$JpaWebMvcConfiguration : spring.jpa.open-in-view is enabled by default. Therefore, database queries may be performed during view rendering. Explicitly configure spring.jpa.open-in-view to disable this warning
2021-07-20 10:29:52.373  INFO 4498 --- [main] o.s.s.web.DefaultSecurityFilterChain     : Creating filter chain: any request, [org.springframework.security.web.context.request.async.WebAsyncManagerIntegrationFilter@220f6a3c, org.springframework.security.web.context.SecurityContextPersistenceFilter@1b79df53, org.springframework.security.web.header.HeaderWriterFilter@7204d98f, org.springframework.web.filter.CorsFilter@5eb041b5, org.springframework.security.web.authentication.logout.LogoutFilter@5516ee5, com.example.demo.security.JWTAuthFilter@2648aa1b, com.example.demo.security.JWTAuthVerFilter@4a3333be, org.springframework.security.web.savedrequest.RequestCacheAwareFilter@5c3924fd, org.springframework.security.web.servletapi.SecurityContextHolderAwareRequestFilter@2e40ea48, org.springframework.security.web.authentication.AnonymousAuthenticationFilter@13b4ee4e, org.springframework.security.web.session.SessionManagementFilter@7c9512c6, org.springframework.security.web.access.ExceptionTranslationFilter@33a8f553, org.springframework.security.web.access.intercept.FilterSecurityInterceptor@3370be55]
2021-07-20 10:29:52.673  INFO 4498 --- [main] o.s.s.concurrent.ThreadPoolTaskExecutor  : Initializing ExecutorService 'applicationTaskExecutor'
2021-07-20 10:29:53.194  INFO 4498 --- [main] o.s.b.w.embedded.tomcat.TomcatWebServer  : Tomcat started on port(s): 8082 (http) with context path ''
2021-07-20 10:29:53.202  INFO 4498 --- [main] com.example.demo.SareetaApplication      : Started SareetaApplication in 11.399 seconds (JVM running for 12.51)
2021-07-20 10:30:52.420  INFO 4498 --- [http-nio-8082-exec-2] o.a.c.c.C.[Tomcat].[localhost].[/]       : Initializing Spring DispatcherServlet 'dispatcherServlet'
2021-07-20 10:30:52.421  INFO 4498 --- [http-nio-8082-exec-2] o.s.web.servlet.DispatcherServlet        : Initializing Servlet 'dispatcherServlet'
2021-07-20 10:30:52.433  INFO 4498 --- [http-nio-8082-exec-2] o.s.web.servlet.DispatcherServlet        : Completed initialization in 12 ms
2021-07-20 10:30:52.587  INFO 4498 --- [http-nio-8082-exec-2] c.e.demo.controllers.UserController      : Username:Test17
2021-07-20 10:30:52.789  INFO 4498 --- [http-nio-8082-exec-2] c.e.demo.controllers.UserController      : User was successfully created
2021-07-20 10:36:17.115  INFO 4498 --- [Thread-3] o.s.s.concurrent.ThreadPoolTaskExecutor  : Shutting down ExecutorService 'applicationTaskExecutor'
2021-07-20 10:36:17.118  INFO 4498 --- [Thread-3] j.LocalContainerEntityManagerFactoryBean : Closing JPA EntityManagerFactory for persistence unit 'default'
2021-07-20 10:36:17.121  INFO 4498 --- [Thread-3] com.zaxxer.hikari.HikariDataSource       : HikariPool-1 - Shutdown initiated...
2021-07-20 10:36:17.126  INFO 4498 --- [Thread-3] com.zaxxer.hikari.HikariDataSource       : HikariPool-1 - Shutdown completed.
2021-07-20 10:36:25.465  INFO 4748 --- [main] com.example.demo.SareetaApplication      : Starting SareetaApplication on Davids-MBP.fritz.box with PID 4748 (started by david in /Users/david/Documents/Udacity/Security & DevOps/eCommerce_David)
2021-07-20 10:36:25.471  INFO 4748 --- [main] com.example.demo.SareetaApplication      : No active profile set, falling back to default profiles: default
2021-07-20 10:36:26.796  INFO 4748 --- [main] .s.d.r.c.RepositoryConfigurationDelegate : Bootstrapping Spring Data repositories in DEFAULT mode.
2021-07-20 10:36:26.911  INFO 4748 --- [main] .s.d.r.c.RepositoryConfigurationDelegate : Finished Spring Data repository scanning in 96ms. Found 4 repository interfaces.
2021-07-20 10:36:27.739  INFO 4748 --- [main] trationDelegate$BeanPostProcessorChecker : Bean 'org.springframework.transaction.annotation.ProxyTransactionManagementConfiguration' of type [org.springframework.transaction.annotation.ProxyTransactionManagementConfiguration$$EnhancerBySpringCGLIB$$59a319fa] is not eligible for getting processed by all BeanPostProcessors (for example: not eligible for auto-proxying)
2021-07-20 10:36:28.134  INFO 4748 --- [main] o.s.b.w.embedded.tomcat.TomcatWebServer  : Tomcat initialized with port(s): 8082 (http)
2021-07-20 10:36:28.176  INFO 4748 --- [main] o.apache.catalina.core.StandardService   : Starting service [Tomcat]
2021-07-20 10:36:28.177  INFO 4748 --- [main] org.apache.catalina.core.StandardEngine  : Starting Servlet engine: [Apache Tomcat/9.0.19]
2021-07-20 10:36:28.321  INFO 4748 --- [main] o.a.c.c.C.[Tomcat].[localhost].[/]       : Initializing Spring embedded WebApplicationContext
2021-07-20 10:36:28.322  INFO 4748 --- [main] o.s.web.context.ContextLoader            : Root WebApplicationContext: initialization completed in 2712 ms
2021-07-20 10:36:28.550  INFO 4748 --- [main] com.zaxxer.hikari.HikariDataSource       : HikariPool-1 - Starting...
2021-07-20 10:36:28.780  INFO 4748 --- [main] com.zaxxer.hikari.HikariDataSource       : HikariPool-1 - Start completed.
2021-07-20 10:36:28.867  INFO 4748 --- [main] o.hibernate.jpa.internal.util.LogHelper  : HHH000204: Processing PersistenceUnitInfo [
	name: default
	...]
2021-07-20 10:36:28.968  INFO 4748 --- [main] org.hibernate.Version                    : HHH000412: Hibernate Core {5.3.10.Final}
2021-07-20 10:36:28.970  INFO 4748 --- [main] org.hibernate.cfg.Environment            : HHH000206: hibernate.properties not found
2021-07-20 10:36:29.199  INFO 4748 --- [main] o.hibernate.annotations.common.Version   : HCANN000001: Hibernate Commons Annotations {5.0.4.Final}
2021-07-20 10:36:29.396  INFO 4748 --- [main] org.hibernate.dialect.Dialect            : HHH000400: Using dialect: org.hibernate.dialect.H2Dialect
2021-07-20 10:36:30.465  INFO 4748 --- [main] j.LocalContainerEntityManagerFactoryBean : Initialized JPA EntityManagerFactory for persistence unit 'default'
2021-07-20 10:36:31.325  WARN 4748 --- [main] aWebConfiguration$JpaWebMvcConfiguration : spring.jpa.open-in-view is enabled by default. Therefore, database queries may be performed during view rendering. Explicitly configure spring.jpa.open-in-view to disable this warning
2021-07-20 10:36:31.444  INFO 4748 --- [main] o.s.s.web.DefaultSecurityFilterChain     : Creating filter chain: any request, [org.springframework.security.web.context.request.async.WebAsyncManagerIntegrationFilter@1368e2f7, org.springframework.security.web.context.SecurityContextPersistenceFilter@55cb3b7, org.springframework.security.web.header.HeaderWriterFilter@4fbbd98c, org.springframework.web.filter.CorsFilter@4d84688f, org.springframework.security.web.authentication.logout.LogoutFilter@4c3d72fd, com.example.demo.security.JWTAuthFilter@3ee68eb2, com.example.demo.security.JWTAuthVerFilter@7348e75e, org.springframework.security.web.savedrequest.RequestCacheAwareFilter@280c3dc0, org.springframework.security.web.servletapi.SecurityContextHolderAwareRequestFilter@8dcacf1, org.springframework.security.web.authentication.AnonymousAuthenticationFilter@27e3dc9a, org.springframework.security.web.session.SessionManagementFilter@3d3b852e, org.springframework.security.web.access.ExceptionTranslationFilter@dcdb883, org.springframework.security.web.access.intercept.FilterSecurityInterceptor@4769537a]
2021-07-20 10:36:31.617  INFO 4748 --- [main] o.s.s.concurrent.ThreadPoolTaskExecutor  : Initializing ExecutorService 'applicationTaskExecutor'
2021-07-20 10:36:31.886  INFO 4748 --- [main] o.s.b.w.embedded.tomcat.TomcatWebServer  : Tomcat started on port(s): 8082 (http) with context path ''
2021-07-20 10:36:31.890  INFO 4748 --- [main] com.example.demo.SareetaApplication      : Started SareetaApplication in 7.19 seconds (JVM running for 7.872)
2021-07-20 10:36:36.964  INFO 4748 --- [http-nio-8082-exec-2] o.a.c.c.C.[Tomcat].[localhost].[/]       : Initializing Spring DispatcherServlet 'dispatcherServlet'
2021-07-20 10:36:36.966  INFO 4748 --- [http-nio-8082-exec-2] o.s.web.servlet.DispatcherServlet        : Initializing Servlet 'dispatcherServlet'
2021-07-20 10:36:36.978  INFO 4748 --- [http-nio-8082-exec-2] o.s.web.servlet.DispatcherServlet        : Completed initialization in 12 ms
2021-07-20 10:36:37.111  INFO 4748 --- [http-nio-8082-exec-2] c.e.demo.controllers.UserController      : Username:Test17
2021-07-20 10:36:37.310  INFO 4748 --- [http-nio-8082-exec-2] c.e.demo.controllers.UserController      : User was successfully created
2021-07-20 10:48:04.767  INFO 4748 --- [Thread-3] o.s.s.concurrent.ThreadPoolTaskExecutor  : Shutting down ExecutorService 'applicationTaskExecutor'
2021-07-20 10:48:04.771  INFO 4748 --- [Thread-3] j.LocalContainerEntityManagerFactoryBean : Closing JPA EntityManagerFactory for persistence unit 'default'
2021-07-20 10:48:04.774  INFO 4748 --- [Thread-3] com.zaxxer.hikari.HikariDataSource       : HikariPool-1 - Shutdown initiated...
2021-07-20 10:48:04.780  INFO 4748 --- [Thread-3] com.zaxxer.hikari.HikariDataSource       : HikariPool-1 - Shutdown completed.
2021-07-20 11:04:29.400  INFO 7068 --- [main] com.example.demo.SareetaApplication      : Starting SareetaApplication on Davids-MBP.fritz.box with PID 7068 (started by david in /Users/david/Documents/Udacity/Security & DevOps/eCommerce_David)
2021-07-20 11:04:29.411  INFO 7068 --- [main] com.example.demo.SareetaApplication      : No active profile set, falling back to default profiles: default
2021-07-20 11:04:30.734  INFO 7068 --- [main] .s.d.r.c.RepositoryConfigurationDelegate : Bootstrapping Spring Data repositories in DEFAULT mode.
2021-07-20 11:04:30.862  INFO 7068 --- [main] .s.d.r.c.RepositoryConfigurationDelegate : Finished Spring Data repository scanning in 110ms. Found 4 repository interfaces.
2021-07-20 11:04:31.715  INFO 7068 --- [main] trationDelegate$BeanPostProcessorChecker : Bean 'org.springframework.transaction.annotation.ProxyTransactionManagementConfiguration' of type [org.springframework.transaction.annotation.ProxyTransactionManagementConfiguration$$EnhancerBySpringCGLIB$$52a64628] is not eligible for getting processed by all BeanPostProcessors (for example: not eligible for auto-proxying)
2021-07-20 11:04:32.216  INFO 7068 --- [main] o.s.b.w.embedded.tomcat.TomcatWebServer  : Tomcat initialized with port(s): 8082 (http)
2021-07-20 11:04:32.271  INFO 7068 --- [main] o.apache.catalina.core.StandardService   : Starting service [Tomcat]
2021-07-20 11:04:32.272  INFO 7068 --- [main] org.apache.catalina.core.StandardEngine  : Starting Servlet engine: [Apache Tomcat/9.0.19]
2021-07-20 11:04:32.459  INFO 7068 --- [main] o.a.c.c.C.[Tomcat].[localhost].[/]       : Initializing Spring embedded WebApplicationContext
2021-07-20 11:04:32.460  INFO 7068 --- [main] o.s.web.context.ContextLoader            : Root WebApplicationContext: initialization completed in 2933 ms
2021-07-20 11:04:32.729  INFO 7068 --- [main] com.zaxxer.hikari.HikariDataSource       : HikariPool-1 - Starting...
2021-07-20 11:04:32.975  INFO 7068 --- [main] com.zaxxer.hikari.HikariDataSource       : HikariPool-1 - Start completed.
2021-07-20 11:04:33.066  INFO 7068 --- [main] o.hibernate.jpa.internal.util.LogHelper  : HHH000204: Processing PersistenceUnitInfo [
	name: default
	...]
2021-07-20 11:04:33.164  INFO 7068 --- [main] org.hibernate.Version                    : HHH000412: Hibernate Core {5.3.10.Final}
2021-07-20 11:04:33.167  INFO 7068 --- [main] org.hibernate.cfg.Environment            : HHH000206: hibernate.properties not found
2021-07-20 11:04:33.371  INFO 7068 --- [main] o.hibernate.annotations.common.Version   : HCANN000001: Hibernate Commons Annotations {5.0.4.Final}
2021-07-20 11:04:33.576  INFO 7068 --- [main] org.hibernate.dialect.Dialect            : HHH000400: Using dialect: org.hibernate.dialect.H2Dialect
2021-07-20 11:04:34.811  INFO 7068 --- [main] j.LocalContainerEntityManagerFactoryBean : Initialized JPA EntityManagerFactory for persistence unit 'default'
2021-07-20 11:04:35.788  WARN 7068 --- [main] aWebConfiguration$JpaWebMvcConfiguration : spring.jpa.open-in-view is enabled by default. Therefore, database queries may be performed during view rendering. Explicitly configure spring.jpa.open-in-view to disable this warning
2021-07-20 11:04:35.918  INFO 7068 --- [main] o.s.s.web.DefaultSecurityFilterChain     : Creating filter chain: any request, [org.springframework.security.web.context.request.async.WebAsyncManagerIntegrationFilter@5eb041b5, org.springframework.security.web.context.SecurityContextPersistenceFilter@8ee1404, org.springframework.security.web.header.HeaderWriterFilter@8636cf4, org.springframework.web.filter.CorsFilter@2648aa1b, org.springframework.security.web.authentication.logout.LogoutFilter@6765b6a2, com.example.demo.security.JWTAuthFilter@4a3333be, com.example.demo.security.JWTAuthVerFilter@13b4ee4e, org.springframework.security.web.savedrequest.RequestCacheAwareFilter@3ec211cc, org.springframework.security.web.servletapi.SecurityContextHolderAwareRequestFilter@5cba474f, org.springframework.security.web.authentication.AnonymousAuthenticationFilter@4f55a864, org.springframework.security.web.session.SessionManagementFilter@4f65af91, org.springframework.security.web.access.ExceptionTranslationFilter@61ca5134, org.springframework.security.web.access.intercept.FilterSecurityInterceptor@3d2b13f]
2021-07-20 11:04:36.155  INFO 7068 --- [main] o.s.s.concurrent.ThreadPoolTaskExecutor  : Initializing ExecutorService 'applicationTaskExecutor'
2021-07-20 11:04:36.479  INFO 7068 --- [main] o.s.b.w.embedded.tomcat.TomcatWebServer  : Tomcat started on port(s): 8082 (http) with context path ''
2021-07-20 11:04:36.486  INFO 7068 --- [main] com.example.demo.SareetaApplication      : Started SareetaApplication in 7.946 seconds (JVM running for 8.7)
2021-07-20 11:25:09.443  INFO 7068 --- [http-nio-8082-exec-1] o.a.c.c.C.[Tomcat].[localhost].[/]       : Initializing Spring DispatcherServlet 'dispatcherServlet'
2021-07-20 11:25:09.444  INFO 7068 --- [http-nio-8082-exec-1] o.s.web.servlet.DispatcherServlet        : Initializing Servlet 'dispatcherServlet'
2021-07-20 11:25:09.454  INFO 7068 --- [http-nio-8082-exec-1] o.s.web.servlet.DispatcherServlet        : Completed initialization in 10 ms
2021-07-20 11:25:09.554  INFO 7068 --- [http-nio-8082-exec-1] c.e.demo.controllers.UserController      : Username:Test17
2021-07-20 11:25:09.727  INFO 7068 --- [http-nio-8082-exec-1] c.e.demo.controllers.UserController      : User was successfully created
2021-07-20 11:25:42.358  INFO 7068 --- [http-nio-8082-exec-3] o.h.h.i.QueryTranslatorFactoryInitiator  : HHH000397: Using ASTQueryTranslatorFactory
2021-07-20 11:28:13.007  INFO 7068 --- [Thread-3] o.s.s.concurrent.ThreadPoolTaskExecutor  : Shutting down ExecutorService 'applicationTaskExecutor'
2021-07-20 11:28:13.010  INFO 7068 --- [Thread-3] j.LocalContainerEntityManagerFactoryBean : Closing JPA EntityManagerFactory for persistence unit 'default'
2021-07-20 11:28:13.013  INFO 7068 --- [Thread-3] com.zaxxer.hikari.HikariDataSource       : HikariPool-1 - Shutdown initiated...
2021-07-20 11:28:13.018  INFO 7068 --- [Thread-3] com.zaxxer.hikari.HikariDataSource       : HikariPool-1 - Shutdown completed.
2021-07-20 11:29:05.778  INFO 7750 --- [main] com.example.demo.SareetaApplication      : Starting SareetaApplication on Davids-MBP.fritz.box with PID 7750 (started by david in /Users/david/Documents/Udacity/Security & DevOps/eCommerce_David)
2021-07-20 11:29:05.785  INFO 7750 --- [main] com.example.demo.SareetaApplication      : No active profile set, falling back to default profiles: default
2021-07-20 11:29:06.872  INFO 7750 --- [main] .s.d.r.c.RepositoryConfigurationDelegate : Bootstrapping Spring Data repositories in DEFAULT mode.
2021-07-20 11:29:06.997  INFO 7750 --- [main] .s.d.r.c.RepositoryConfigurationDelegate : Finished Spring Data repository scanning in 106ms. Found 4 repository interfaces.
2021-07-20 11:29:07.803  INFO 7750 --- [main] trationDelegate$BeanPostProcessorChecker : Bean 'org.springframework.transaction.annotation.ProxyTransactionManagementConfiguration' of type [org.springframework.transaction.annotation.ProxyTransactionManagementConfiguration$$EnhancerBySpringCGLIB$$f85f45f6] is not eligible for getting processed by all BeanPostProcessors (for example: not eligible for auto-proxying)
2021-07-20 11:29:08.206  INFO 7750 --- [main] o.s.b.w.embedded.tomcat.TomcatWebServer  : Tomcat initialized with port(s): 8082 (http)
2021-07-20 11:29:08.251  INFO 7750 --- [main] o.apache.catalina.core.StandardService   : Starting service [Tomcat]
2021-07-20 11:29:08.251  INFO 7750 --- [main] org.apache.catalina.core.StandardEngine  : Starting Servlet engine: [Apache Tomcat/9.0.19]
2021-07-20 11:29:08.396  INFO 7750 --- [main] o.a.c.c.C.[Tomcat].[localhost].[/]       : Initializing Spring embedded WebApplicationContext
2021-07-20 11:29:08.396  INFO 7750 --- [main] o.s.web.context.ContextLoader            : Root WebApplicationContext: initialization completed in 2483 ms
2021-07-20 11:29:08.626  INFO 7750 --- [main] com.zaxxer.hikari.HikariDataSource       : HikariPool-1 - Starting...
2021-07-20 11:29:08.822  INFO 7750 --- [main] com.zaxxer.hikari.HikariDataSource       : HikariPool-1 - Start completed.
2021-07-20 11:29:08.896  INFO 7750 --- [main] o.hibernate.jpa.internal.util.LogHelper  : HHH000204: Processing PersistenceUnitInfo [
	name: default
	...]
2021-07-20 11:29:08.974  INFO 7750 --- [main] org.hibernate.Version                    : HHH000412: Hibernate Core {5.3.10.Final}
2021-07-20 11:29:08.976  INFO 7750 --- [main] org.hibernate.cfg.Environment            : HHH000206: hibernate.properties not found
2021-07-20 11:29:09.128  INFO 7750 --- [main] o.hibernate.annotations.common.Version   : HCANN000001: Hibernate Commons Annotations {5.0.4.Final}
2021-07-20 11:29:09.293  INFO 7750 --- [main] org.hibernate.dialect.Dialect            : HHH000400: Using dialect: org.hibernate.dialect.H2Dialect
2021-07-20 11:29:10.362  INFO 7750 --- [main] j.LocalContainerEntityManagerFactoryBean : Initialized JPA EntityManagerFactory for persistence unit 'default'
2021-07-20 11:29:11.136  WARN 7750 --- [main] aWebConfiguration$JpaWebMvcConfiguration : spring.jpa.open-in-view is enabled by default. Therefore, database queries may be performed during view rendering. Explicitly configure spring.jpa.open-in-view to disable this warning
2021-07-20 11:29:11.234  INFO 7750 --- [main] o.s.s.web.DefaultSecurityFilterChain     : Creating filter chain: any request, [org.springframework.security.web.context.request.async.WebAsyncManagerIntegrationFilter@4ef28dc4, org.springframework.security.web.context.SecurityContextPersistenceFilter@13018f00, org.springframework.security.web.header.HeaderWriterFilter@1238a074, org.springframework.web.filter.CorsFilter@59b3f162, org.springframework.security.web.authentication.logout.LogoutFilter@c7c07ff, com.example.demo.security.JWTAuthFilter@7ade62a6, com.example.demo.security.JWTAuthVerFilter@53d15034, org.springframework.security.web.savedrequest.RequestCacheAwareFilter@2e1e7bc6, org.springframework.security.web.servletapi.SecurityContextHolderAwareRequestFilter@2e2cd42c, org.springframework.security.web.authentication.AnonymousAuthenticationFilter@9976b27, org.springframework.security.web.session.SessionManagementFilter@73baf7f0, org.springframework.security.web.access.ExceptionTranslationFilter@259c6ab8, org.springframework.security.web.access.intercept.FilterSecurityInterceptor@67b09e34]
2021-07-20 11:29:11.397  INFO 7750 --- [main] o.s.s.concurrent.ThreadPoolTaskExecutor  : Initializing ExecutorService 'applicationTaskExecutor'
2021-07-20 11:29:11.651  INFO 7750 --- [main] o.s.b.w.embedded.tomcat.TomcatWebServer  : Tomcat started on port(s): 8082 (http) with context path ''
2021-07-20 11:29:11.655  INFO 7750 --- [main] com.example.demo.SareetaApplication      : Started SareetaApplication in 6.524 seconds (JVM running for 7.108)
2021-07-20 11:29:21.003  INFO 7750 --- [http-nio-8082-exec-2] o.a.c.c.C.[Tomcat].[localhost].[/]       : Initializing Spring DispatcherServlet 'dispatcherServlet'
2021-07-20 11:29:21.004  INFO 7750 --- [http-nio-8082-exec-2] o.s.web.servlet.DispatcherServlet        : Initializing Servlet 'dispatcherServlet'
2021-07-20 11:29:21.014  INFO 7750 --- [http-nio-8082-exec-2] o.s.web.servlet.DispatcherServlet        : Completed initialization in 10 ms
2021-07-20 11:29:21.133  INFO 7750 --- [http-nio-8082-exec-2] c.e.demo.controllers.UserController      : Username:Test17
2021-07-20 11:29:21.317  INFO 7750 --- [http-nio-8082-exec-2] c.e.demo.controllers.UserController      : User was successfully created
2021-07-20 11:29:38.355  INFO 7750 --- [http-nio-8082-exec-3] o.h.h.i.QueryTranslatorFactoryInitiator  : HHH000397: Using ASTQueryTranslatorFactory
2021-07-20 11:47:27.894  INFO 7750 --- [Thread-3] o.s.s.concurrent.ThreadPoolTaskExecutor  : Shutting down ExecutorService 'applicationTaskExecutor'
2021-07-20 11:47:27.897  INFO 7750 --- [Thread-3] j.LocalContainerEntityManagerFactoryBean : Closing JPA EntityManagerFactory for persistence unit 'default'
2021-07-20 11:47:27.899  INFO 7750 --- [Thread-3] com.zaxxer.hikari.HikariDataSource       : HikariPool-1 - Shutdown initiated...
2021-07-20 11:47:27.904  INFO 7750 --- [Thread-3] com.zaxxer.hikari.HikariDataSource       : HikariPool-1 - Shutdown completed.
2021-07-20 11:47:58.104  INFO 8419 --- [main] com.example.demo.SareetaApplication      : Starting SareetaApplication on Davids-MBP.fritz.box with PID 8419 (started by david in /Users/david/Documents/Udacity/Security & DevOps/eCommerce_David)
2021-07-20 11:47:58.109  INFO 8419 --- [main] com.example.demo.SareetaApplication      : No active profile set, falling back to default profiles: default
2021-07-20 11:47:59.381  INFO 8419 --- [main] .s.d.r.c.RepositoryConfigurationDelegate : Bootstrapping Spring Data repositories in DEFAULT mode.
2021-07-20 11:47:59.492  INFO 8419 --- [main] .s.d.r.c.RepositoryConfigurationDelegate : Finished Spring Data repository scanning in 96ms. Found 4 repository interfaces.
2021-07-20 11:48:00.284  INFO 8419 --- [main] trationDelegate$BeanPostProcessorChecker : Bean 'org.springframework.transaction.annotation.ProxyTransactionManagementConfiguration' of type [org.springframework.transaction.annotation.ProxyTransactionManagementConfiguration$$EnhancerBySpringCGLIB$$31e0b64] is not eligible for getting processed by all BeanPostProcessors (for example: not eligible for auto-proxying)
2021-07-20 11:48:00.682  INFO 8419 --- [main] o.s.b.w.embedded.tomcat.TomcatWebServer  : Tomcat initialized with port(s): 8082 (http)
2021-07-20 11:48:00.730  INFO 8419 --- [main] o.apache.catalina.core.StandardService   : Starting service [Tomcat]
2021-07-20 11:48:00.731  INFO 8419 --- [main] org.apache.catalina.core.StandardEngine  : Starting Servlet engine: [Apache Tomcat/9.0.19]
2021-07-20 11:48:00.869  INFO 8419 --- [main] o.a.c.c.C.[Tomcat].[localhost].[/]       : Initializing Spring embedded WebApplicationContext
2021-07-20 11:48:00.870  INFO 8419 --- [main] o.s.web.context.ContextLoader            : Root WebApplicationContext: initialization completed in 2600 ms
2021-07-20 11:48:01.093  INFO 8419 --- [main] com.zaxxer.hikari.HikariDataSource       : HikariPool-1 - Starting...
2021-07-20 11:48:01.284  INFO 8419 --- [main] com.zaxxer.hikari.HikariDataSource       : HikariPool-1 - Start completed.
2021-07-20 11:48:01.360  INFO 8419 --- [main] o.hibernate.jpa.internal.util.LogHelper  : HHH000204: Processing PersistenceUnitInfo [
	name: default
	...]
2021-07-20 11:48:01.440  INFO 8419 --- [main] org.hibernate.Version                    : HHH000412: Hibernate Core {5.3.10.Final}
2021-07-20 11:48:01.441  INFO 8419 --- [main] org.hibernate.cfg.Environment            : HHH000206: hibernate.properties not found
2021-07-20 11:48:01.621  INFO 8419 --- [main] o.hibernate.annotations.common.Version   : HCANN000001: Hibernate Commons Annotations {5.0.4.Final}
2021-07-20 11:48:01.802  INFO 8419 --- [main] org.hibernate.dialect.Dialect            : HHH000400: Using dialect: org.hibernate.dialect.H2Dialect
2021-07-20 11:48:02.962  INFO 8419 --- [main] j.LocalContainerEntityManagerFactoryBean : Initialized JPA EntityManagerFactory for persistence unit 'default'
2021-07-20 11:48:03.956  WARN 8419 --- [main] aWebConfiguration$JpaWebMvcConfiguration : spring.jpa.open-in-view is enabled by default. Therefore, database queries may be performed during view rendering. Explicitly configure spring.jpa.open-in-view to disable this warning
2021-07-20 11:48:04.089  INFO 8419 --- [main] o.s.s.web.DefaultSecurityFilterChain     : Creating filter chain: any request, [org.springframework.security.web.context.request.async.WebAsyncManagerIntegrationFilter@3d2b13f, org.springframework.security.web.context.SecurityContextPersistenceFilter@5a9baba8, org.springframework.security.web.header.HeaderWriterFilter@26a202ae, org.springframework.web.filter.CorsFilter@58c36104, org.springframework.security.web.authentication.logout.LogoutFilter@cfc4601, com.example.demo.security.JWTAuthFilter@1fc8047f, com.example.demo.security.JWTAuthVerFilter@29fc83c5, org.springframework.security.web.savedrequest.RequestCacheAwareFilter@b5311cb, org.springframework.security.web.servletapi.SecurityContextHolderAwareRequestFilter@1b79df53, org.springframework.security.web.authentication.AnonymousAuthenticationFilter@3fb1948c, org.springframework.security.web.session.SessionManagementFilter@6e12f38c, org.springframework.security.web.access.ExceptionTranslationFilter@5a4e492c, org.springframework.security.web.access.intercept.FilterSecurityInterceptor@1be427b4]
2021-07-20 11:48:04.268  INFO 8419 --- [main] o.s.s.concurrent.ThreadPoolTaskExecutor  : Initializing ExecutorService 'applicationTaskExecutor'
2021-07-20 11:48:04.568  INFO 8419 --- [main] o.s.b.w.embedded.tomcat.TomcatWebServer  : Tomcat started on port(s): 8082 (http) with context path ''
2021-07-20 11:48:04.573  INFO 8419 --- [main] com.example.demo.SareetaApplication      : Started SareetaApplication in 7.256 seconds (JVM running for 7.924)
2021-07-20 11:48:42.119  INFO 8419 --- [http-nio-8082-exec-2] o.a.c.c.C.[Tomcat].[localhost].[/]       : Initializing Spring DispatcherServlet 'dispatcherServlet'
2021-07-20 11:48:42.120  INFO 8419 --- [http-nio-8082-exec-2] o.s.web.servlet.DispatcherServlet        : Initializing Servlet 'dispatcherServlet'
2021-07-20 11:48:42.128  INFO 8419 --- [http-nio-8082-exec-2] o.s.web.servlet.DispatcherServlet        : Completed initialization in 8 ms
2021-07-20 11:48:42.243  INFO 8419 --- [http-nio-8082-exec-2] c.e.demo.controllers.UserController      : Username:Test17
2021-07-20 11:48:42.495  INFO 8419 --- [http-nio-8082-exec-2] c.e.demo.controllers.UserController      : User was successfully created
2021-07-20 11:48:49.324  INFO 8419 --- [http-nio-8082-exec-3] o.h.h.i.QueryTranslatorFactoryInitiator  : HHH000397: Using ASTQueryTranslatorFactory
2021-07-20 11:54:00.220  INFO 8419 --- [Thread-3] o.s.s.concurrent.ThreadPoolTaskExecutor  : Shutting down ExecutorService 'applicationTaskExecutor'
2021-07-20 11:54:00.222  INFO 8419 --- [Thread-3] j.LocalContainerEntityManagerFactoryBean : Closing JPA EntityManagerFactory for persistence unit 'default'
2021-07-20 11:54:00.225  INFO 8419 --- [Thread-3] com.zaxxer.hikari.HikariDataSource       : HikariPool-1 - Shutdown initiated...
2021-07-20 11:54:00.230  INFO 8419 --- [Thread-3] com.zaxxer.hikari.HikariDataSource       : HikariPool-1 - Shutdown completed.
2021-07-20 12:09:10.704  INFO 11090 --- [main] com.example.demo.SareetaApplication      : Starting SareetaApplication on Davids-MBP.fritz.box with PID 11090 (started by david in /Users/david/Documents/Udacity/Security & DevOps/eCommerce_David)
2021-07-20 12:09:10.712  INFO 11090 --- [main] com.example.demo.SareetaApplication      : No active profile set, falling back to default profiles: default
2021-07-20 12:09:12.111  INFO 11090 --- [main] .s.d.r.c.RepositoryConfigurationDelegate : Bootstrapping Spring Data repositories in DEFAULT mode.
2021-07-20 12:09:12.327  INFO 11090 --- [main] .s.d.r.c.RepositoryConfigurationDelegate : Finished Spring Data repository scanning in 188ms. Found 4 repository interfaces.
2021-07-20 12:09:14.024  INFO 11090 --- [main] trationDelegate$BeanPostProcessorChecker : Bean 'org.springframework.transaction.annotation.ProxyTransactionManagementConfiguration' of type [org.springframework.transaction.annotation.ProxyTransactionManagementConfiguration$$EnhancerBySpringCGLIB$$55d5900a] is not eligible for getting processed by all BeanPostProcessors (for example: not eligible for auto-proxying)
2021-07-20 12:09:14.956  INFO 11090 --- [main] o.s.b.w.embedded.tomcat.TomcatWebServer  : Tomcat initialized with port(s): 8082 (http)
2021-07-20 12:09:15.034  INFO 11090 --- [main] o.apache.catalina.core.StandardService   : Starting service [Tomcat]
2021-07-20 12:09:15.035  INFO 11090 --- [main] org.apache.catalina.core.StandardEngine  : Starting Servlet engine: [Apache Tomcat/9.0.19]
2021-07-20 12:09:15.368  INFO 11090 --- [main] o.a.c.c.C.[Tomcat].[localhost].[/]       : Initializing Spring embedded WebApplicationContext
2021-07-20 12:09:15.369  INFO 11090 --- [main] o.s.web.context.ContextLoader            : Root WebApplicationContext: initialization completed in 4510 ms
2021-07-20 12:09:15.879  INFO 11090 --- [main] com.zaxxer.hikari.HikariDataSource       : HikariPool-1 - Starting...
2021-07-20 12:09:16.249  INFO 11090 --- [main] com.zaxxer.hikari.HikariDataSource       : HikariPool-1 - Start completed.
2021-07-20 12:09:16.364  INFO 11090 --- [main] o.hibernate.jpa.internal.util.LogHelper  : HHH000204: Processing PersistenceUnitInfo [
	name: default
	...]
2021-07-20 12:09:16.513  INFO 11090 --- [main] org.hibernate.Version                    : HHH000412: Hibernate Core {5.3.10.Final}
2021-07-20 12:09:16.518  INFO 11090 --- [main] org.hibernate.cfg.Environment            : HHH000206: hibernate.properties not found
2021-07-20 12:09:16.886  INFO 11090 --- [main] o.hibernate.annotations.common.Version   : HCANN000001: Hibernate Commons Annotations {5.0.4.Final}
2021-07-20 12:09:17.124  INFO 11090 --- [main] org.hibernate.dialect.Dialect            : HHH000400: Using dialect: org.hibernate.dialect.H2Dialect
2021-07-20 12:09:18.489  INFO 11090 --- [main] j.LocalContainerEntityManagerFactoryBean : Initialized JPA EntityManagerFactory for persistence unit 'default'
2021-07-20 12:09:19.382  WARN 11090 --- [main] aWebConfiguration$JpaWebMvcConfiguration : spring.jpa.open-in-view is enabled by default. Therefore, database queries may be performed during view rendering. Explicitly configure spring.jpa.open-in-view to disable this warning
2021-07-20 12:09:19.484  INFO 11090 --- [main] o.s.s.web.DefaultSecurityFilterChain     : Creating filter chain: any request, [org.springframework.security.web.context.request.async.WebAsyncManagerIntegrationFilter@7d2be319, org.springframework.security.web.context.SecurityContextPersistenceFilter@cfc4601, org.springframework.security.web.header.HeaderWriterFilter@5cba474f, org.springframework.web.filter.CorsFilter@35d3202b, org.springframework.security.web.authentication.logout.LogoutFilter@7c8f803d, com.example.demo.security.JWTAuthFilter@2dfd157b, com.example.demo.security.JWTAuthVerFilter@64381526, org.springframework.security.web.savedrequest.RequestCacheAwareFilter@450f0d89, org.springframework.security.web.servletapi.SecurityContextHolderAwareRequestFilter@5516ee5, org.springframework.security.web.authentication.AnonymousAuthenticationFilter@46290193, org.springframework.security.web.session.SessionManagementFilter@2b4954a4, org.springframework.security.web.access.ExceptionTranslationFilter@630c3af3, org.springframework.security.web.access.intercept.FilterSecurityInterceptor@13b4ee4e]
2021-07-20 12:09:19.645  INFO 11090 --- [main] o.s.s.concurrent.ThreadPoolTaskExecutor  : Initializing ExecutorService 'applicationTaskExecutor'
2021-07-20 12:09:19.896  INFO 11090 --- [main] o.s.b.w.embedded.tomcat.TomcatWebServer  : Tomcat started on port(s): 8082 (http) with context path ''
2021-07-20 12:09:19.901  INFO 11090 --- [main] com.example.demo.SareetaApplication      : Started SareetaApplication in 10.035 seconds (JVM running for 10.704)
2021-07-20 12:09:25.442  INFO 11090 --- [http-nio-8082-exec-1] o.a.c.c.C.[Tomcat].[localhost].[/]       : Initializing Spring DispatcherServlet 'dispatcherServlet'
2021-07-20 12:09:25.445  INFO 11090 --- [http-nio-8082-exec-1] o.s.web.servlet.DispatcherServlet        : Initializing Servlet 'dispatcherServlet'
2021-07-20 12:09:25.455  INFO 11090 --- [http-nio-8082-exec-1] o.s.web.servlet.DispatcherServlet        : Completed initialization in 10 ms
2021-07-20 12:09:25.575  INFO 11090 --- [http-nio-8082-exec-1] c.e.demo.controllers.UserController      : Username:Test17
2021-07-20 12:09:25.780  INFO 11090 --- [http-nio-8082-exec-1] c.e.demo.controllers.UserController      : User was successfully created
2021-07-20 12:09:32.132  INFO 11090 --- [http-nio-8082-exec-3] o.h.h.i.QueryTranslatorFactoryInitiator  : HHH000397: Using ASTQueryTranslatorFactory
2021-07-20 12:10:40.905  INFO 11090 --- [Thread-3] o.s.s.concurrent.ThreadPoolTaskExecutor  : Shutting down ExecutorService 'applicationTaskExecutor'
2021-07-20 12:10:40.908  INFO 11090 --- [Thread-3] j.LocalContainerEntityManagerFactoryBean : Closing JPA EntityManagerFactory for persistence unit 'default'
2021-07-20 12:10:40.910  INFO 11090 --- [Thread-3] com.zaxxer.hikari.HikariDataSource       : HikariPool-1 - Shutdown initiated...
2021-07-20 12:10:40.916  INFO 11090 --- [Thread-3] com.zaxxer.hikari.HikariDataSource       : HikariPool-1 - Shutdown completed.
2021-07-20 12:18:12.503  INFO 11685 --- [main] com.example.demo.SareetaApplication      : Starting SareetaApplication on Davids-MBP.fritz.box with PID 11685 (started by david in /Users/david/Documents/Udacity/Security & DevOps/eCommerce_David)
2021-07-20 12:18:12.513  INFO 11685 --- [main] com.example.demo.SareetaApplication      : No active profile set, falling back to default profiles: default
2021-07-20 12:18:13.801  INFO 11685 --- [main] .s.d.r.c.RepositoryConfigurationDelegate : Bootstrapping Spring Data repositories in DEFAULT mode.
2021-07-20 12:18:13.926  INFO 11685 --- [main] .s.d.r.c.RepositoryConfigurationDelegate : Finished Spring Data repository scanning in 109ms. Found 4 repository interfaces.
2021-07-20 12:18:14.776  INFO 11685 --- [main] trationDelegate$BeanPostProcessorChecker : Bean 'org.springframework.transaction.annotation.ProxyTransactionManagementConfiguration' of type [org.springframework.transaction.annotation.ProxyTransactionManagementConfiguration$$EnhancerBySpringCGLIB$$c44a6ecf] is not eligible for getting processed by all BeanPostProcessors (for example: not eligible for auto-proxying)
2021-07-20 12:18:15.444  INFO 11685 --- [main] o.s.b.w.embedded.tomcat.TomcatWebServer  : Tomcat initialized with port(s): 8082 (http)
2021-07-20 12:18:15.481  INFO 11685 --- [main] o.apache.catalina.core.StandardService   : Starting service [Tomcat]
2021-07-20 12:18:15.481  INFO 11685 --- [main] org.apache.catalina.core.StandardEngine  : Starting Servlet engine: [Apache Tomcat/9.0.19]
2021-07-20 12:18:15.822  INFO 11685 --- [main] o.a.c.c.C.[Tomcat].[localhost].[/]       : Initializing Spring embedded WebApplicationContext
2021-07-20 12:18:15.822  INFO 11685 --- [main] o.s.web.context.ContextLoader            : Root WebApplicationContext: initialization completed in 3161 ms
2021-07-20 12:18:16.013  INFO 11685 --- [main] com.zaxxer.hikari.HikariDataSource       : HikariPool-1 - Starting...
2021-07-20 12:18:16.180  INFO 11685 --- [main] com.zaxxer.hikari.HikariDataSource       : HikariPool-1 - Start completed.
2021-07-20 12:18:16.239  INFO 11685 --- [main] o.hibernate.jpa.internal.util.LogHelper  : HHH000204: Processing PersistenceUnitInfo [
	name: default
	...]
2021-07-20 12:18:16.298  INFO 11685 --- [main] org.hibernate.Version                    : HHH000412: Hibernate Core {5.3.10.Final}
2021-07-20 12:18:16.300  INFO 11685 --- [main] org.hibernate.cfg.Environment            : HHH000206: hibernate.properties not found
2021-07-20 12:18:16.457  INFO 11685 --- [main] o.hibernate.annotations.common.Version   : HCANN000001: Hibernate Commons Annotations {5.0.4.Final}
2021-07-20 12:18:16.616  INFO 11685 --- [main] org.hibernate.dialect.Dialect            : HHH000400: Using dialect: org.hibernate.dialect.H2Dialect
2021-07-20 12:18:17.591  INFO 11685 --- [main] j.LocalContainerEntityManagerFactoryBean : Initialized JPA EntityManagerFactory for persistence unit 'default'
2021-07-20 12:18:18.302  WARN 11685 --- [main] aWebConfiguration$JpaWebMvcConfiguration : spring.jpa.open-in-view is enabled by default. Therefore, database queries may be performed during view rendering. Explicitly configure spring.jpa.open-in-view to disable this warning
2021-07-20 12:18:18.387  INFO 11685 --- [main] o.s.s.web.DefaultSecurityFilterChain     : Creating filter chain: any request, [org.springframework.security.web.context.request.async.WebAsyncManagerIntegrationFilter@13e0f380, org.springframework.security.web.context.SecurityContextPersistenceFilter@6f2bf657, org.springframework.security.web.header.HeaderWriterFilter@68de8522, org.springframework.web.filter.CorsFilter@240df292, org.springframework.security.web.authentication.logout.LogoutFilter@374ba492, com.example.demo.security.JWTAuthFilter@333efb51, com.example.demo.security.JWTAuthVerFilter@2c451c4a, org.springframework.security.web.savedrequest.RequestCacheAwareFilter@5bf1b528, org.springframework.security.web.servletapi.SecurityContextHolderAwareRequestFilter@7ef7f414, org.springframework.security.web.authentication.AnonymousAuthenticationFilter@38ad86b1, org.springframework.security.web.session.SessionManagementFilter@50f13494, org.springframework.security.web.access.ExceptionTranslationFilter@53917c92, org.springframework.security.web.access.intercept.FilterSecurityInterceptor@3ee68eb2]
2021-07-20 12:18:18.530  INFO 11685 --- [main] o.s.s.concurrent.ThreadPoolTaskExecutor  : Initializing ExecutorService 'applicationTaskExecutor'
2021-07-20 12:18:18.750  INFO 11685 --- [main] o.s.b.w.embedded.tomcat.TomcatWebServer  : Tomcat started on port(s): 8082 (http) with context path ''
2021-07-20 12:18:18.754  INFO 11685 --- [main] com.example.demo.SareetaApplication      : Started SareetaApplication in 6.993 seconds (JVM running for 7.693)
2021-07-20 12:18:40.698  INFO 11685 --- [http-nio-8082-exec-1] o.a.c.c.C.[Tomcat].[localhost].[/]       : Initializing Spring DispatcherServlet 'dispatcherServlet'
2021-07-20 12:18:40.699  INFO 11685 --- [http-nio-8082-exec-1] o.s.web.servlet.DispatcherServlet        : Initializing Servlet 'dispatcherServlet'
2021-07-20 12:18:40.710  INFO 11685 --- [http-nio-8082-exec-1] o.s.web.servlet.DispatcherServlet        : Completed initialization in 11 ms
2021-07-20 12:18:40.817  INFO 11685 --- [http-nio-8082-exec-1] c.e.demo.controllers.UserController      : UserController | createUser | Username Test17
2021-07-20 12:18:41.000  INFO 11685 --- [http-nio-8082-exec-1] c.e.demo.controllers.UserController      : UserController | createUser | User was successfully created 
2021-07-20 12:18:47.119  INFO 11685 --- [http-nio-8082-exec-3] o.h.h.i.QueryTranslatorFactoryInitiator  : HHH000397: Using ASTQueryTranslatorFactory
2021-07-20 12:21:44.911  INFO 11685 --- [http-nio-8082-exec-6] c.e.demo.controllers.UserController      : UserController | createUser | Username User1
2021-07-20 12:21:45.014  INFO 11685 --- [http-nio-8082-exec-6] c.e.demo.controllers.UserController      : UserController | createUser | User was successfully created 
2021-07-20 12:23:32.483  INFO 11685 --- [Thread-3] o.s.s.concurrent.ThreadPoolTaskExecutor  : Shutting down ExecutorService 'applicationTaskExecutor'
2021-07-20 12:23:32.486  INFO 11685 --- [Thread-3] j.LocalContainerEntityManagerFactoryBean : Closing JPA EntityManagerFactory for persistence unit 'default'
2021-07-20 12:23:32.489  INFO 11685 --- [Thread-3] com.zaxxer.hikari.HikariDataSource       : HikariPool-1 - Shutdown initiated...
2021-07-20 12:23:32.494  INFO 11685 --- [Thread-3] com.zaxxer.hikari.HikariDataSource       : HikariPool-1 - Shutdown completed.
2021-07-20 14:16:15.801  INFO 14731 --- [main] com.example.demo.SareetaApplication      : Starting SareetaApplication on Davids-MBP.fritz.box with PID 14731 (started by david in /Users/david/Documents/Udacity/Security & DevOps/eCommerce_David)
2021-07-20 14:16:15.804  INFO 14731 --- [main] com.example.demo.SareetaApplication      : No active profile set, falling back to default profiles: default
2021-07-20 14:16:16.543  INFO 14731 --- [main] .s.d.r.c.RepositoryConfigurationDelegate : Bootstrapping Spring Data repositories in DEFAULT mode.
2021-07-20 14:16:16.634  INFO 14731 --- [main] .s.d.r.c.RepositoryConfigurationDelegate : Finished Spring Data repository scanning in 78ms. Found 4 repository interfaces.
2021-07-20 14:16:17.310  INFO 14731 --- [main] trationDelegate$BeanPostProcessorChecker : Bean 'org.springframework.transaction.annotation.ProxyTransactionManagementConfiguration' of type [org.springframework.transaction.annotation.ProxyTransactionManagementConfiguration$$EnhancerBySpringCGLIB$$13135af4] is not eligible for getting processed by all BeanPostProcessors (for example: not eligible for auto-proxying)
2021-07-20 14:16:17.700  INFO 14731 --- [main] o.s.b.w.embedded.tomcat.TomcatWebServer  : Tomcat initialized with port(s): 8082 (http)
2021-07-20 14:16:17.741  INFO 14731 --- [main] o.apache.catalina.core.StandardService   : Starting service [Tomcat]
2021-07-20 14:16:17.741  INFO 14731 --- [main] org.apache.catalina.core.StandardEngine  : Starting Servlet engine: [Apache Tomcat/9.0.19]
2021-07-20 14:16:17.832  INFO 14731 --- [main] o.a.c.c.C.[Tomcat].[localhost].[/]       : Initializing Spring embedded WebApplicationContext
2021-07-20 14:16:17.833  INFO 14731 --- [main] o.s.web.context.ContextLoader            : Root WebApplicationContext: initialization completed in 1952 ms
2021-07-20 14:16:18.124  INFO 14731 --- [main] com.zaxxer.hikari.HikariDataSource       : HikariPool-1 - Starting...
2021-07-20 14:16:18.305  INFO 14731 --- [main] com.zaxxer.hikari.HikariDataSource       : HikariPool-1 - Start completed.
2021-07-20 14:16:18.376  INFO 14731 --- [main] o.hibernate.jpa.internal.util.LogHelper  : HHH000204: Processing PersistenceUnitInfo [
	name: default
	...]
2021-07-20 14:16:18.466  INFO 14731 --- [main] org.hibernate.Version                    : HHH000412: Hibernate Core {5.3.10.Final}
2021-07-20 14:16:18.468  INFO 14731 --- [main] org.hibernate.cfg.Environment            : HHH000206: hibernate.properties not found
2021-07-20 14:16:18.632  INFO 14731 --- [main] o.hibernate.annotations.common.Version   : HCANN000001: Hibernate Commons Annotations {5.0.4.Final}
2021-07-20 14:16:18.792  INFO 14731 --- [main] org.hibernate.dialect.Dialect            : HHH000400: Using dialect: org.hibernate.dialect.H2Dialect
2021-07-20 14:16:19.898  INFO 14731 --- [main] j.LocalContainerEntityManagerFactoryBean : Initialized JPA EntityManagerFactory for persistence unit 'default'
2021-07-20 14:16:21.150  WARN 14731 --- [main] aWebConfiguration$JpaWebMvcConfiguration : spring.jpa.open-in-view is enabled by default. Therefore, database queries may be performed during view rendering. Explicitly configure spring.jpa.open-in-view to disable this warning
2021-07-20 14:16:21.289  INFO 14731 --- [main] o.s.s.web.DefaultSecurityFilterChain     : Creating filter chain: any request, [org.springframework.security.web.context.request.async.WebAsyncManagerIntegrationFilter@3973b6d4, org.springframework.security.web.context.SecurityContextPersistenceFilter@579846cc, org.springframework.security.web.header.HeaderWriterFilter@6e9a10cd, org.springframework.web.filter.CorsFilter@18dd7767, org.springframework.security.web.authentication.logout.LogoutFilter@6e239337, com.example.demo.security.JWTAuthFilter@9205c0a, com.example.demo.security.JWTAuthVerFilter@bfe47a8, org.springframework.security.web.savedrequest.RequestCacheAwareFilter@71f0806b, org.springframework.security.web.servletapi.SecurityContextHolderAwareRequestFilter@64f3ca6, org.springframework.security.web.authentication.AnonymousAuthenticationFilter@2f1f9515, org.springframework.security.web.session.SessionManagementFilter@59b447a4, org.springframework.security.web.access.ExceptionTranslationFilter@6f3b13d0, org.springframework.security.web.access.intercept.FilterSecurityInterceptor@19faedcc]
2021-07-20 14:16:21.622  INFO 14731 --- [main] o.s.s.concurrent.ThreadPoolTaskExecutor  : Initializing ExecutorService 'applicationTaskExecutor'
2021-07-20 14:16:22.007  INFO 14731 --- [main] o.s.b.w.embedded.tomcat.TomcatWebServer  : Tomcat started on port(s): 8082 (http) with context path ''
2021-07-20 14:16:22.010  INFO 14731 --- [main] com.example.demo.SareetaApplication      : Started SareetaApplication in 6.612 seconds (JVM running for 6.993)
2021-07-20 14:18:12.899  INFO 14731 --- [http-nio-8082-exec-2] o.a.c.c.C.[Tomcat].[localhost].[/]       : Initializing Spring DispatcherServlet 'dispatcherServlet'
2021-07-20 14:18:12.901  INFO 14731 --- [http-nio-8082-exec-2] o.s.web.servlet.DispatcherServlet        : Initializing Servlet 'dispatcherServlet'
2021-07-20 14:18:12.915  INFO 14731 --- [http-nio-8082-exec-2] o.s.web.servlet.DispatcherServlet        : Completed initialization in 13 ms
2021-07-20 14:18:13.047  INFO 14731 --- [http-nio-8082-exec-2] c.e.demo.controllers.UserController      : Username Test17
2021-07-20 14:18:13.199  INFO 14731 --- [http-nio-8082-exec-2] c.e.demo.controllers.UserController      : User was successfully created 
2021-07-20 14:18:31.403  INFO 14731 --- [http-nio-8082-exec-3] o.h.h.i.QueryTranslatorFactoryInitiator  : HHH000397: Using ASTQueryTranslatorFactory
2021-07-20 14:33:34.638  INFO 14731 --- [Thread-4] o.s.s.concurrent.ThreadPoolTaskExecutor  : Shutting down ExecutorService 'applicationTaskExecutor'
2021-07-20 14:33:34.641  INFO 14731 --- [Thread-4] j.LocalContainerEntityManagerFactoryBean : Closing JPA EntityManagerFactory for persistence unit 'default'
2021-07-20 14:33:34.644  INFO 14731 --- [Thread-4] com.zaxxer.hikari.HikariDataSource       : HikariPool-1 - Shutdown initiated...
2021-07-20 14:33:34.647  INFO 14731 --- [Thread-4] com.zaxxer.hikari.HikariDataSource       : HikariPool-1 - Shutdown completed.
2021-07-20 14:33:53.427  INFO 15062 --- [main] com.example.demo.SareetaApplication      : Starting SareetaApplication on Davids-MBP.fritz.box with PID 15062 (started by david in /Users/david/Documents/Udacity/Security & DevOps/eCommerce_David)
2021-07-20 14:33:53.433  INFO 15062 --- [main] com.example.demo.SareetaApplication      : No active profile set, falling back to default profiles: default
2021-07-20 14:33:54.579  INFO 15062 --- [main] .s.d.r.c.RepositoryConfigurationDelegate : Bootstrapping Spring Data repositories in DEFAULT mode.
2021-07-20 14:33:54.717  INFO 15062 --- [main] .s.d.r.c.RepositoryConfigurationDelegate : Finished Spring Data repository scanning in 114ms. Found 4 repository interfaces.
2021-07-20 14:33:55.489  INFO 15062 --- [main] trationDelegate$BeanPostProcessorChecker : Bean 'org.springframework.transaction.annotation.ProxyTransactionManagementConfiguration' of type [org.springframework.transaction.annotation.ProxyTransactionManagementConfiguration$$EnhancerBySpringCGLIB$$7935e779] is not eligible for getting processed by all BeanPostProcessors (for example: not eligible for auto-proxying)
2021-07-20 14:33:55.876  INFO 15062 --- [main] o.s.b.w.embedded.tomcat.TomcatWebServer  : Tomcat initialized with port(s): 8082 (http)
2021-07-20 14:33:55.915  INFO 15062 --- [main] o.apache.catalina.core.StandardService   : Starting service [Tomcat]
2021-07-20 14:33:55.915  INFO 15062 --- [main] org.apache.catalina.core.StandardEngine  : Starting Servlet engine: [Apache Tomcat/9.0.19]
2021-07-20 14:33:56.049  INFO 15062 --- [main] o.a.c.c.C.[Tomcat].[localhost].[/]       : Initializing Spring embedded WebApplicationContext
2021-07-20 14:33:56.049  INFO 15062 --- [main] o.s.web.context.ContextLoader            : Root WebApplicationContext: initialization completed in 2494 ms
2021-07-20 14:33:56.263  INFO 15062 --- [main] com.zaxxer.hikari.HikariDataSource       : HikariPool-1 - Starting...
2021-07-20 14:33:56.444  INFO 15062 --- [main] com.zaxxer.hikari.HikariDataSource       : HikariPool-1 - Start completed.
2021-07-20 14:33:56.520  INFO 15062 --- [main] o.hibernate.jpa.internal.util.LogHelper  : HHH000204: Processing PersistenceUnitInfo [
	name: default
	...]
2021-07-20 14:33:56.599  INFO 15062 --- [main] org.hibernate.Version                    : HHH000412: Hibernate Core {5.3.10.Final}
2021-07-20 14:33:56.601  INFO 15062 --- [main] org.hibernate.cfg.Environment            : HHH000206: hibernate.properties not found
2021-07-20 14:33:56.769  INFO 15062 --- [main] o.hibernate.annotations.common.Version   : HCANN000001: Hibernate Commons Annotations {5.0.4.Final}
2021-07-20 14:33:56.942  INFO 15062 --- [main] org.hibernate.dialect.Dialect            : HHH000400: Using dialect: org.hibernate.dialect.H2Dialect
2021-07-20 14:33:57.989  INFO 15062 --- [main] j.LocalContainerEntityManagerFactoryBean : Initialized JPA EntityManagerFactory for persistence unit 'default'
2021-07-20 14:33:58.791  WARN 15062 --- [main] aWebConfiguration$JpaWebMvcConfiguration : spring.jpa.open-in-view is enabled by default. Therefore, database queries may be performed during view rendering. Explicitly configure spring.jpa.open-in-view to disable this warning
2021-07-20 14:33:58.902  INFO 15062 --- [main] o.s.s.web.DefaultSecurityFilterChain     : Creating filter chain: any request, [org.springframework.security.web.context.request.async.WebAsyncManagerIntegrationFilter@2dfd157b, org.springframework.security.web.context.SecurityContextPersistenceFilter@450f0d89, org.springframework.security.web.header.HeaderWriterFilter@2b4954a4, org.springframework.web.filter.CorsFilter@64381526, org.springframework.security.web.authentication.logout.LogoutFilter@4ac0d49, com.example.demo.security.JWTAuthFilter@46290193, com.example.demo.security.JWTAuthVerFilter@6ad7a305, org.springframework.security.web.savedrequest.RequestCacheAwareFilter@3e0327dd, org.springframework.security.web.servletapi.SecurityContextHolderAwareRequestFilter@75c589f2, org.springframework.security.web.authentication.AnonymousAuthenticationFilter@2fc435e9, org.springframework.security.web.session.SessionManagementFilter@cfc4601, org.springframework.security.web.access.ExceptionTranslationFilter@5cba474f, org.springframework.security.web.access.intercept.FilterSecurityInterceptor@2c2edbe7]
2021-07-20 14:33:59.073  INFO 15062 --- [main] o.s.s.concurrent.ThreadPoolTaskExecutor  : Initializing ExecutorService 'applicationTaskExecutor'
2021-07-20 14:33:59.334  INFO 15062 --- [main] o.s.b.w.embedded.tomcat.TomcatWebServer  : Tomcat started on port(s): 8082 (http) with context path ''
2021-07-20 14:33:59.338  INFO 15062 --- [main] com.example.demo.SareetaApplication      : Started SareetaApplication in 6.519 seconds (JVM running for 7.13)
2021-07-20 14:34:06.209  INFO 15062 --- [http-nio-8082-exec-2] o.a.c.c.C.[Tomcat].[localhost].[/]       : Initializing Spring DispatcherServlet 'dispatcherServlet'
2021-07-20 14:34:06.209  INFO 15062 --- [http-nio-8082-exec-2] o.s.web.servlet.DispatcherServlet        : Initializing Servlet 'dispatcherServlet'
2021-07-20 14:34:06.218  INFO 15062 --- [http-nio-8082-exec-2] o.s.web.servlet.DispatcherServlet        : Completed initialization in 9 ms
2021-07-20 14:34:06.322  INFO 15062 --- [http-nio-8082-exec-2] c.e.demo.controllers.UserController      : Username Test17
2021-07-20 14:34:06.511  INFO 15062 --- [http-nio-8082-exec-2] c.e.demo.controllers.UserController      : User was successfully created 
2021-07-20 14:34:11.633  INFO 15062 --- [http-nio-8082-exec-3] o.h.h.i.QueryTranslatorFactoryInitiator  : HHH000397: Using ASTQueryTranslatorFactory
2021-07-20 14:39:23.735  INFO 15062 --- [Thread-3] o.s.s.concurrent.ThreadPoolTaskExecutor  : Shutting down ExecutorService 'applicationTaskExecutor'
2021-07-20 14:39:23.738  INFO 15062 --- [Thread-3] j.LocalContainerEntityManagerFactoryBean : Closing JPA EntityManagerFactory for persistence unit 'default'
2021-07-20 14:39:23.741  INFO 15062 --- [Thread-3] com.zaxxer.hikari.HikariDataSource       : HikariPool-1 - Shutdown initiated...
2021-07-20 14:39:23.746  INFO 15062 --- [Thread-3] com.zaxxer.hikari.HikariDataSource       : HikariPool-1 - Shutdown completed.
2021-07-20 14:55:58.398  INFO 16266 --- [main] com.example.demo.SareetaApplication      : Starting SareetaApplication on Davids-MBP.fritz.box with PID 16266 (started by david in /Users/david/Documents/Udacity/Security & DevOps/eCommerce_David)
2021-07-20 14:55:58.403  INFO 16266 --- [main] com.example.demo.SareetaApplication      : No active profile set, falling back to default profiles: default
2021-07-20 14:55:59.159  INFO 16266 --- [main] .s.d.r.c.RepositoryConfigurationDelegate : Bootstrapping Spring Data repositories in DEFAULT mode.
2021-07-20 14:55:59.269  INFO 16266 --- [main] .s.d.r.c.RepositoryConfigurationDelegate : Finished Spring Data repository scanning in 94ms. Found 4 repository interfaces.
2021-07-20 14:56:00.102  INFO 16266 --- [main] trationDelegate$BeanPostProcessorChecker : Bean 'org.springframework.transaction.annotation.ProxyTransactionManagementConfiguration' of type [org.springframework.transaction.annotation.ProxyTransactionManagementConfiguration$$EnhancerBySpringCGLIB$$5bcdb8be] is not eligible for getting processed by all BeanPostProcessors (for example: not eligible for auto-proxying)
2021-07-20 14:56:00.501  INFO 16266 --- [main] o.s.b.w.embedded.tomcat.TomcatWebServer  : Tomcat initialized with port(s): 8082 (http)
2021-07-20 14:56:00.542  INFO 16266 --- [main] o.apache.catalina.core.StandardService   : Starting service [Tomcat]
2021-07-20 14:56:00.542  INFO 16266 --- [main] org.apache.catalina.core.StandardEngine  : Starting Servlet engine: [Apache Tomcat/9.0.19]
2021-07-20 14:56:00.639  INFO 16266 --- [main] o.a.c.c.C.[Tomcat].[localhost].[/]       : Initializing Spring embedded WebApplicationContext
2021-07-20 14:56:00.639  INFO 16266 --- [main] o.s.web.context.ContextLoader            : Root WebApplicationContext: initialization completed in 2153 ms
2021-07-20 14:56:00.963  INFO 16266 --- [main] com.zaxxer.hikari.HikariDataSource       : HikariPool-1 - Starting...
2021-07-20 14:56:01.177  INFO 16266 --- [main] com.zaxxer.hikari.HikariDataSource       : HikariPool-1 - Start completed.
2021-07-20 14:56:01.255  INFO 16266 --- [main] o.hibernate.jpa.internal.util.LogHelper  : HHH000204: Processing PersistenceUnitInfo [
	name: default
	...]
2021-07-20 14:56:01.343  INFO 16266 --- [main] org.hibernate.Version                    : HHH000412: Hibernate Core {5.3.10.Final}
2021-07-20 14:56:01.345  INFO 16266 --- [main] org.hibernate.cfg.Environment            : HHH000206: hibernate.properties not found
2021-07-20 14:56:01.528  INFO 16266 --- [main] o.hibernate.annotations.common.Version   : HCANN000001: Hibernate Commons Annotations {5.0.4.Final}
2021-07-20 14:56:01.702  INFO 16266 --- [main] org.hibernate.dialect.Dialect            : HHH000400: Using dialect: org.hibernate.dialect.H2Dialect
2021-07-20 14:56:02.576  INFO 16266 --- [main] j.LocalContainerEntityManagerFactoryBean : Initialized JPA EntityManagerFactory for persistence unit 'default'
2021-07-20 14:56:03.600  WARN 16266 --- [main] aWebConfiguration$JpaWebMvcConfiguration : spring.jpa.open-in-view is enabled by default. Therefore, database queries may be performed during view rendering. Explicitly configure spring.jpa.open-in-view to disable this warning
2021-07-20 14:56:03.732  INFO 16266 --- [main] o.s.s.web.DefaultSecurityFilterChain     : Creating filter chain: any request, [org.springframework.security.web.context.request.async.WebAsyncManagerIntegrationFilter@65e620b0, org.springframework.security.web.context.SecurityContextPersistenceFilter@2c16677c, org.springframework.security.web.header.HeaderWriterFilter@49e479da, org.springframework.web.filter.CorsFilter@74b97416, org.springframework.security.web.authentication.logout.LogoutFilter@6ad6ae45, com.example.demo.security.JWTAuthFilter@74707df8, com.example.demo.security.JWTAuthVerFilter@12c76d6e, org.springframework.security.web.savedrequest.RequestCacheAwareFilter@7fd751de, org.springframework.security.web.servletapi.SecurityContextHolderAwareRequestFilter@6bd7439d, org.springframework.security.web.authentication.AnonymousAuthenticationFilter@46702c26, org.springframework.security.web.session.SessionManagementFilter@30dd00b6, org.springframework.security.web.access.ExceptionTranslationFilter@25470477, org.springframework.security.web.access.intercept.FilterSecurityInterceptor@4b508371]
2021-07-20 14:56:03.925  INFO 16266 --- [main] o.s.s.concurrent.ThreadPoolTaskExecutor  : Initializing ExecutorService 'applicationTaskExecutor'
2021-07-20 14:56:04.214  INFO 16266 --- [main] o.s.b.w.embedded.tomcat.TomcatWebServer  : Tomcat started on port(s): 8082 (http) with context path ''
2021-07-20 14:56:04.217  INFO 16266 --- [main] com.example.demo.SareetaApplication      : Started SareetaApplication in 6.266 seconds (JVM running for 6.696)
2021-07-20 14:56:22.859  INFO 16266 --- [http-nio-8082-exec-1] o.a.c.c.C.[Tomcat].[localhost].[/]       : Initializing Spring DispatcherServlet 'dispatcherServlet'
2021-07-20 14:56:22.861  INFO 16266 --- [http-nio-8082-exec-1] o.s.web.servlet.DispatcherServlet        : Initializing Servlet 'dispatcherServlet'
2021-07-20 14:56:22.873  INFO 16266 --- [http-nio-8082-exec-1] o.s.web.servlet.DispatcherServlet        : Completed initialization in 12 ms
2021-07-20 14:56:23.026  INFO 16266 --- [http-nio-8082-exec-1] c.e.demo.controllers.UserController      : Username Test17
2021-07-20 14:56:23.195  INFO 16266 --- [http-nio-8082-exec-1] c.e.demo.controllers.UserController      : User was successfully created 
2021-07-20 14:56:28.043  INFO 16266 --- [http-nio-8082-exec-3] o.h.h.i.QueryTranslatorFactoryInitiator  : HHH000397: Using ASTQueryTranslatorFactory
2021-07-20 14:59:36.387  INFO 16424 --- [main] com.example.demo.SareetaApplication      : Starting SareetaApplication on Davids-MBP.fritz.box with PID 16424 (started by david in /Users/david/Documents/Udacity/Security & DevOps/eCommerce_David)
2021-07-20 14:59:36.393  INFO 16424 --- [main] com.example.demo.SareetaApplication      : No active profile set, falling back to default profiles: default
2021-07-20 14:59:37.295  INFO 16424 --- [main] .s.d.r.c.RepositoryConfigurationDelegate : Bootstrapping Spring Data repositories in DEFAULT mode.
2021-07-20 14:59:37.391  INFO 16424 --- [main] .s.d.r.c.RepositoryConfigurationDelegate : Finished Spring Data repository scanning in 85ms. Found 4 repository interfaces.
2021-07-20 14:59:38.046  INFO 16424 --- [main] trationDelegate$BeanPostProcessorChecker : Bean 'org.springframework.transaction.annotation.ProxyTransactionManagementConfiguration' of type [org.springframework.transaction.annotation.ProxyTransactionManagementConfiguration$$EnhancerBySpringCGLIB$$a5b6fb08] is not eligible for getting processed by all BeanPostProcessors (for example: not eligible for auto-proxying)
2021-07-20 14:59:38.360  INFO 16424 --- [main] o.s.b.w.embedded.tomcat.TomcatWebServer  : Tomcat initialized with port(s): 8082 (http)
2021-07-20 14:59:38.394  INFO 16424 --- [main] o.apache.catalina.core.StandardService   : Starting service [Tomcat]
2021-07-20 14:59:38.394  INFO 16424 --- [main] org.apache.catalina.core.StandardEngine  : Starting Servlet engine: [Apache Tomcat/9.0.19]
2021-07-20 14:59:38.509  INFO 16424 --- [main] o.a.c.c.C.[Tomcat].[localhost].[/]       : Initializing Spring embedded WebApplicationContext
2021-07-20 14:59:38.510  INFO 16424 --- [main] o.s.web.context.ContextLoader            : Root WebApplicationContext: initialization completed in 2008 ms
2021-07-20 14:59:38.685  INFO 16424 --- [main] com.zaxxer.hikari.HikariDataSource       : HikariPool-1 - Starting...
2021-07-20 14:59:38.849  INFO 16424 --- [main] com.zaxxer.hikari.HikariDataSource       : HikariPool-1 - Start completed.
2021-07-20 14:59:38.907  INFO 16424 --- [main] o.hibernate.jpa.internal.util.LogHelper  : HHH000204: Processing PersistenceUnitInfo [
	name: default
	...]
2021-07-20 14:59:38.968  INFO 16424 --- [main] org.hibernate.Version                    : HHH000412: Hibernate Core {5.3.10.Final}
2021-07-20 14:59:38.969  INFO 16424 --- [main] org.hibernate.cfg.Environment            : HHH000206: hibernate.properties not found
2021-07-20 14:59:39.105  INFO 16424 --- [main] o.hibernate.annotations.common.Version   : HCANN000001: Hibernate Commons Annotations {5.0.4.Final}
2021-07-20 14:59:39.271  INFO 16424 --- [main] org.hibernate.dialect.Dialect            : HHH000400: Using dialect: org.hibernate.dialect.H2Dialect
2021-07-20 14:59:40.176  INFO 16424 --- [main] j.LocalContainerEntityManagerFactoryBean : Initialized JPA EntityManagerFactory for persistence unit 'default'
2021-07-20 14:59:40.834  WARN 16424 --- [main] aWebConfiguration$JpaWebMvcConfiguration : spring.jpa.open-in-view is enabled by default. Therefore, database queries may be performed during view rendering. Explicitly configure spring.jpa.open-in-view to disable this warning
2021-07-20 14:59:40.914  INFO 16424 --- [main] o.s.s.web.DefaultSecurityFilterChain     : Creating filter chain: any request, [org.springframework.security.web.context.request.async.WebAsyncManagerIntegrationFilter@3bf40c74, org.springframework.security.web.context.SecurityContextPersistenceFilter@1cdad619, org.springframework.security.web.header.HeaderWriterFilter@581d5b33, org.springframework.web.filter.CorsFilter@665f88e1, org.springframework.security.web.authentication.logout.LogoutFilter@19f99aaf, com.example.demo.security.JWTAuthFilter@6a7ea7c, com.example.demo.security.JWTAuthVerFilter@3ee200ae, org.springframework.security.web.savedrequest.RequestCacheAwareFilter@3909308c, org.springframework.security.web.servletapi.SecurityContextHolderAwareRequestFilter@2f498f21, org.springframework.security.web.authentication.AnonymousAuthenticationFilter@25ee3caa, org.springframework.security.web.session.SessionManagementFilter@44a9971f, org.springframework.security.web.access.ExceptionTranslationFilter@6a562255, org.springframework.security.web.access.intercept.FilterSecurityInterceptor@4ef28dc4]
2021-07-20 14:59:41.050  INFO 16424 --- [main] o.s.s.concurrent.ThreadPoolTaskExecutor  : Initializing ExecutorService 'applicationTaskExecutor'
2021-07-20 14:59:41.257 ERROR 16424 --- [main] org.apache.catalina.util.LifecycleBase   : Failed to start component [Connector[HTTP/1.1-8082]]

org.apache.catalina.LifecycleException: Protocol handler start failed
	at org.apache.catalina.connector.Connector.startInternal(Connector.java:1008) ~[tomcat-embed-core-9.0.19.jar:9.0.19]
	at org.apache.catalina.util.LifecycleBase.start(LifecycleBase.java:183) ~[tomcat-embed-core-9.0.19.jar:9.0.19]
	at org.apache.catalina.core.StandardService.addConnector(StandardService.java:226) ~[tomcat-embed-core-9.0.19.jar:9.0.19]
	at org.springframework.boot.web.embedded.tomcat.TomcatWebServer.addPreviouslyRemovedConnectors(TomcatWebServer.java:259) ~[spring-boot-2.1.5.RELEASE.jar:2.1.5.RELEASE]
	at org.springframework.boot.web.embedded.tomcat.TomcatWebServer.start(TomcatWebServer.java:197) ~[spring-boot-2.1.5.RELEASE.jar:2.1.5.RELEASE]
	at org.springframework.boot.web.servlet.context.ServletWebServerApplicationContext.startWebServer(ServletWebServerApplicationContext.java:311) ~[spring-boot-2.1.5.RELEASE.jar:2.1.5.RELEASE]
	at org.springframework.boot.web.servlet.context.ServletWebServerApplicationContext.finishRefresh(ServletWebServerApplicationContext.java:164) ~[spring-boot-2.1.5.RELEASE.jar:2.1.5.RELEASE]
	at org.springframework.context.support.AbstractApplicationContext.refresh(AbstractApplicationContext.java:552) ~[spring-context-5.1.7.RELEASE.jar:5.1.7.RELEASE]
	at org.springframework.boot.web.servlet.context.ServletWebServerApplicationContext.refresh(ServletWebServerApplicationContext.java:142) ~[spring-boot-2.1.5.RELEASE.jar:2.1.5.RELEASE]
	at org.springframework.boot.SpringApplication.refresh(SpringApplication.java:775) ~[spring-boot-2.1.5.RELEASE.jar:2.1.5.RELEASE]
	at org.springframework.boot.SpringApplication.refreshContext(SpringApplication.java:397) ~[spring-boot-2.1.5.RELEASE.jar:2.1.5.RELEASE]
	at org.springframework.boot.SpringApplication.run(SpringApplication.java:316) ~[spring-boot-2.1.5.RELEASE.jar:2.1.5.RELEASE]
	at org.springframework.boot.SpringApplication.run(SpringApplication.java:1260) ~[spring-boot-2.1.5.RELEASE.jar:2.1.5.RELEASE]
	at org.springframework.boot.SpringApplication.run(SpringApplication.java:1248) ~[spring-boot-2.1.5.RELEASE.jar:2.1.5.RELEASE]
	at com.example.demo.SareetaApplication.main(SareetaApplication.java:16) ~[classes/:na]
Caused by: java.net.BindException: Address already in use
	at java.base/sun.nio.ch.Net.bind0(Native Method) ~[na:na]
	at java.base/sun.nio.ch.Net.bind(Net.java:455) ~[na:na]
	at java.base/sun.nio.ch.Net.bind(Net.java:447) ~[na:na]
	at java.base/sun.nio.ch.ServerSocketChannelImpl.bind(ServerSocketChannelImpl.java:227) ~[na:na]
	at java.base/sun.nio.ch.ServerSocketAdaptor.bind(ServerSocketAdaptor.java:80) ~[na:na]
	at org.apache.tomcat.util.net.NioEndpoint.initServerSocket(NioEndpoint.java:239) ~[tomcat-embed-core-9.0.19.jar:9.0.19]
	at org.apache.tomcat.util.net.NioEndpoint.bind(NioEndpoint.java:213) ~[tomcat-embed-core-9.0.19.jar:9.0.19]
	at org.apache.tomcat.util.net.AbstractEndpoint.bindWithCleanup(AbstractEndpoint.java:1116) ~[tomcat-embed-core-9.0.19.jar:9.0.19]
	at org.apache.tomcat.util.net.AbstractEndpoint.start(AbstractEndpoint.java:1202) ~[tomcat-embed-core-9.0.19.jar:9.0.19]
	at org.apache.coyote.AbstractProtocol.start(AbstractProtocol.java:568) ~[tomcat-embed-core-9.0.19.jar:9.0.19]
	at org.apache.catalina.connector.Connector.startInternal(Connector.java:1005) ~[tomcat-embed-core-9.0.19.jar:9.0.19]
	... 14 common frames omitted

2021-07-20 14:59:41.263  INFO 16424 --- [main] o.apache.catalina.core.StandardService   : Stopping service [Tomcat]
2021-07-20 14:59:41.271  INFO 16424 --- [main] ConditionEvaluationReportLoggingListener : 

Error starting ApplicationContext. To display the conditions report re-run your application with 'debug' enabled.
2021-07-20 14:59:41.272 ERROR 16424 --- [main] o.s.b.d.LoggingFailureAnalysisReporter   : 

***************************
APPLICATION FAILED TO START
***************************

Description:

The Tomcat connector configured to listen on port 8082 failed to start. The port may already be in use or the connector may be misconfigured.

Action:

Verify the connector's configuration, identify and stop any process that's listening on port 8082, or configure this application to listen on another port.

2021-07-20 14:59:41.275  INFO 16424 --- [main] o.s.s.concurrent.ThreadPoolTaskExecutor  : Shutting down ExecutorService 'applicationTaskExecutor'
2021-07-20 14:59:41.277  INFO 16424 --- [main] j.LocalContainerEntityManagerFactoryBean : Closing JPA EntityManagerFactory for persistence unit 'default'
2021-07-20 14:59:41.279  INFO 16424 --- [main] com.zaxxer.hikari.HikariDataSource       : HikariPool-1 - Shutdown initiated...
2021-07-20 14:59:41.283  INFO 16424 --- [main] com.zaxxer.hikari.HikariDataSource       : HikariPool-1 - Shutdown completed.
2021-07-20 14:59:53.734  INFO 16266 --- [Thread-4] o.s.s.concurrent.ThreadPoolTaskExecutor  : Shutting down ExecutorService 'applicationTaskExecutor'
2021-07-20 14:59:53.738  INFO 16266 --- [Thread-4] j.LocalContainerEntityManagerFactoryBean : Closing JPA EntityManagerFactory for persistence unit 'default'
2021-07-20 14:59:53.742  INFO 16266 --- [Thread-4] com.zaxxer.hikari.HikariDataSource       : HikariPool-1 - Shutdown initiated...
2021-07-20 14:59:53.744  INFO 16266 --- [Thread-4] com.zaxxer.hikari.HikariDataSource       : HikariPool-1 - Shutdown completed.
2021-07-20 15:00:04.537  INFO 16450 --- [main] com.example.demo.SareetaApplication      : Starting SareetaApplication on Davids-MBP.fritz.box with PID 16450 (started by david in /Users/david/Documents/Udacity/Security & DevOps/eCommerce_David)
2021-07-20 15:00:04.541  INFO 16450 --- [main] com.example.demo.SareetaApplication      : No active profile set, falling back to default profiles: default
2021-07-20 15:00:05.757  INFO 16450 --- [main] .s.d.r.c.RepositoryConfigurationDelegate : Bootstrapping Spring Data repositories in DEFAULT mode.
2021-07-20 15:00:05.872  INFO 16450 --- [main] .s.d.r.c.RepositoryConfigurationDelegate : Finished Spring Data repository scanning in 99ms. Found 4 repository interfaces.
2021-07-20 15:00:06.649  INFO 16450 --- [main] trationDelegate$BeanPostProcessorChecker : Bean 'org.springframework.transaction.annotation.ProxyTransactionManagementConfiguration' of type [org.springframework.transaction.annotation.ProxyTransactionManagementConfiguration$$EnhancerBySpringCGLIB$$55d5900a] is not eligible for getting processed by all BeanPostProcessors (for example: not eligible for auto-proxying)
2021-07-20 15:00:07.085  INFO 16450 --- [main] o.s.b.w.embedded.tomcat.TomcatWebServer  : Tomcat initialized with port(s): 8082 (http)
2021-07-20 15:00:07.131  INFO 16450 --- [main] o.apache.catalina.core.StandardService   : Starting service [Tomcat]
2021-07-20 15:00:07.131  INFO 16450 --- [main] org.apache.catalina.core.StandardEngine  : Starting Servlet engine: [Apache Tomcat/9.0.19]
2021-07-20 15:00:07.281  INFO 16450 --- [main] o.a.c.c.C.[Tomcat].[localhost].[/]       : Initializing Spring embedded WebApplicationContext
2021-07-20 15:00:07.281  INFO 16450 --- [main] o.s.web.context.ContextLoader            : Root WebApplicationContext: initialization completed in 2613 ms
2021-07-20 15:00:07.489  INFO 16450 --- [main] com.zaxxer.hikari.HikariDataSource       : HikariPool-1 - Starting...
2021-07-20 15:00:07.678  INFO 16450 --- [main] com.zaxxer.hikari.HikariDataSource       : HikariPool-1 - Start completed.
2021-07-20 15:00:07.750  INFO 16450 --- [main] o.hibernate.jpa.internal.util.LogHelper  : HHH000204: Processing PersistenceUnitInfo [
	name: default
	...]
2021-07-20 15:00:07.828  INFO 16450 --- [main] org.hibernate.Version                    : HHH000412: Hibernate Core {5.3.10.Final}
2021-07-20 15:00:07.830  INFO 16450 --- [main] org.hibernate.cfg.Environment            : HHH000206: hibernate.properties not found
2021-07-20 15:00:07.995  INFO 16450 --- [main] o.hibernate.annotations.common.Version   : HCANN000001: Hibernate Commons Annotations {5.0.4.Final}
2021-07-20 15:00:08.166  INFO 16450 --- [main] org.hibernate.dialect.Dialect            : HHH000400: Using dialect: org.hibernate.dialect.H2Dialect
2021-07-20 15:00:09.252  INFO 16450 --- [main] j.LocalContainerEntityManagerFactoryBean : Initialized JPA EntityManagerFactory for persistence unit 'default'
2021-07-20 15:00:10.141  WARN 16450 --- [main] aWebConfiguration$JpaWebMvcConfiguration : spring.jpa.open-in-view is enabled by default. Therefore, database queries may be performed during view rendering. Explicitly configure spring.jpa.open-in-view to disable this warning
2021-07-20 15:00:10.262  INFO 16450 --- [main] o.s.s.web.DefaultSecurityFilterChain     : Creating filter chain: any request, [org.springframework.security.web.context.request.async.WebAsyncManagerIntegrationFilter@230d013b, org.springframework.security.web.context.SecurityContextPersistenceFilter@7204d98f, org.springframework.security.web.header.HeaderWriterFilter@b5311cb, org.springframework.web.filter.CorsFilter@6e225c34, org.springframework.security.web.authentication.logout.LogoutFilter@3361d286, com.example.demo.security.JWTAuthFilter@5d84b088, com.example.demo.security.JWTAuthVerFilter@69c0bae6, org.springframework.security.web.savedrequest.RequestCacheAwareFilter@7c9512c6, org.springframework.security.web.servletapi.SecurityContextHolderAwareRequestFilter@6a97517, org.springframework.security.web.authentication.AnonymousAuthenticationFilter@220f6a3c, org.springframework.security.web.session.SessionManagementFilter@33a8f553, org.springframework.security.web.access.ExceptionTranslationFilter@5a9baba8, org.springframework.security.web.access.intercept.FilterSecurityInterceptor@39a30d1a]
2021-07-20 15:00:10.454  INFO 16450 --- [main] o.s.s.concurrent.ThreadPoolTaskExecutor  : Initializing ExecutorService 'applicationTaskExecutor'
2021-07-20 15:00:10.746  INFO 16450 --- [main] o.s.b.w.embedded.tomcat.TomcatWebServer  : Tomcat started on port(s): 8082 (http) with context path ''
2021-07-20 15:00:10.750  INFO 16450 --- [main] com.example.demo.SareetaApplication      : Started SareetaApplication in 6.853 seconds (JVM running for 7.451)
2021-07-20 15:00:23.148  INFO 16450 --- [http-nio-8082-exec-2] o.a.c.c.C.[Tomcat].[localhost].[/]       : Initializing Spring DispatcherServlet 'dispatcherServlet'
2021-07-20 15:00:23.149  INFO 16450 --- [http-nio-8082-exec-2] o.s.web.servlet.DispatcherServlet        : Initializing Servlet 'dispatcherServlet'
2021-07-20 15:00:23.160  INFO 16450 --- [http-nio-8082-exec-2] o.s.web.servlet.DispatcherServlet        : Completed initialization in 11 ms
2021-07-20 15:00:23.262  INFO 16450 --- [http-nio-8082-exec-2] c.e.demo.controllers.UserController      : Username Test17
2021-07-20 15:00:23.434  INFO 16450 --- [http-nio-8082-exec-2] c.e.demo.controllers.UserController      : User was successfully created 
2021-07-20 15:00:28.831  INFO 16450 --- [http-nio-8082-exec-3] o.h.h.i.QueryTranslatorFactoryInitiator  : HHH000397: Using ASTQueryTranslatorFactory
2021-07-20 15:01:20.108  INFO 16450 --- [http-nio-8082-exec-6] c.e.demo.controllers.CartController      : There was an Item added:1to Cart of UserTest17
2021-07-20 15:01:39.716  INFO 16450 --- [Thread-3] o.s.s.concurrent.ThreadPoolTaskExecutor  : Shutting down ExecutorService 'applicationTaskExecutor'
2021-07-20 15:01:39.718  INFO 16450 --- [Thread-3] j.LocalContainerEntityManagerFactoryBean : Closing JPA EntityManagerFactory for persistence unit 'default'
2021-07-20 15:01:39.721  INFO 16450 --- [Thread-3] com.zaxxer.hikari.HikariDataSource       : HikariPool-1 - Shutdown initiated...
2021-07-20 15:01:39.726  INFO 16450 --- [Thread-3] com.zaxxer.hikari.HikariDataSource       : HikariPool-1 - Shutdown completed.
